python : C:\Users\ulas.hte
lli\Desktop\Gelka Enerji h
esaplama tablosu\backend\a
pp\testing\perf_budget.py:
23: PytestCollectionWarnin
g: cannot collect test cla
ss 'TestTier' because it h
as a __init__ constructor 
(from: tests/test_gate_tel
emetry_integration.py)
At line:1 char:1
+ python -m pytest tests/ 
-q --tb=line -p no:warning
s 2>&1 | Out-File - ...
+ ~~~~~~~~~~~~~~~~~~~~~~~~
~~~~~~~~~~~~~~~~~~~~~~~~~~
~~~~~~
    + CategoryInfo        
      : NotSpecified: (C  
  :\Users\ulas.h...inte   
 gration.py):String) [    
], RemoteException
    + FullyQualifiedError 
   Id : NativeCommandErr  
  or
 
  class TestTier(str, Enum
):
C:\Users\ulas.htelli\Deskt
op\Gelka Enerji hesaplama 
tablosu\backend\app\testin
g\perf_budget.py:23: Pytes
tCollectionWarning: cannot
 collect test class 'TestT
ier' because it has a __in
it__ constructor (from: te
sts/test_lc_perf_budget.py
)
  class TestTier(str, Enum
):
C:\Users\ulas.htelli\Deskt
op\Gelka Enerji hesaplama 
tablosu\backend\app\testin
g\perf_budget.py:103: Pyte
stCollectionWarning: canno
t collect test class 'Test
Timing' because it has a _
_init__ constructor (from:
 tests/test_lc_perf_budget
.py)
  @dataclass
C:\Users\ulas.htelli\Deskt
op\Gelka Enerji hesaplama 
tablosu\backend\app\testin
g\perf_budget.py:23: Pytes
tCollectionWarning: cannot
 collect test class 'TestT
ier' because it has a __in
it__ constructor (from: te
sts/test_lc_tier_runner.py
)
  class TestTier(str, Enum
):
C:\Users\ulas.htelli\Deskt
op\Gelka Enerji hesaplama 
tablosu\backend\app\testin
g\perf_budget.py:23: Pytes
tCollectionWarning: cannot
 collect test class 'TestT
ier' because it has a __in
it__ constructor (from: te
sts/test_release_e2e.py)
  class TestTier(str, Enum
):
C:\Users\ulas.htelli\Deskt
op\Gelka Enerji hesaplama 
tablosu\backend\app\testin
g\perf_budget.py:103: Pyte
stCollectionWarning: canno
t collect test class 'Test
Timing' because it has a _
_init__ constructor (from:
 tests/test_release_e2e.py
)
  @dataclass
C:\Users\ulas.htelli\Deskt
op\Gelka Enerji hesaplama 
tablosu\backend\app\testin
g\perf_budget.py:23: Pytes
tCollectionWarning: cannot
 collect test class 'TestT
ier' because it has a __in
it__ constructor (from: te
sts/test_release_gate.py)
  class TestTier(str, Enum
):
C:\Users\ulas.htelli\Deskt
op\Gelka Enerji hesaplama 
tablosu\backend\app\testin
g\perf_budget.py:23: Pytes
tCollectionWarning: cannot
 collect test class 'TestT
ier' because it has a __in
it__ constructor (from: te
sts/test_release_policy.py
)
  class TestTier(str, Enum
):
C:\Users\ulas.htelli\Deskt
op\Gelka Enerji hesaplama 
tablosu\backend\app\testin
g\perf_budget.py:103: Pyte
stCollectionWarning: canno
t collect test class 'Test
Timing' because it has a _
_init__ constructor (from:
 tests/test_release_policy
.py)
  @dataclass
C:\Users\ulas.htelli\Deskt
op\Gelka Enerji hesaplama 
tablosu\backend\app\testin
g\perf_budget.py:23: Pytes
tCollectionWarning: cannot
 collect test class 'TestT
ier' because it has a __in
it__ constructor (from: te
sts/test_release_preflight
_enforcement.py)
  class TestTier(str, Enum
):
C:\Users\ulas.htelli\Deskt
op\Gelka Enerji hesaplama 
tablosu\backend\app\testin
g\perf_budget.py:23: Pytes
tCollectionWarning: cannot
 collect test class 'TestT
ier' because it has a __in
it__ constructor (from: te
sts/test_release_report.py
)
  class TestTier(str, Enum
):
C:\Users\ulas.htelli\Deskt
op\Gelka Enerji hesaplama 
tablosu\backend\app\testin
g\perf_budget.py:103: Pyte
stCollectionWarning: canno
t collect test class 'Test
Timing' because it has a _
_init__ constructor (from:
 tests/test_release_report
.py)
  @dataclass
........................................................................ [  2%]
........................................................................ [  5%]
....................................F................................... [  7%]
........................................................................ [ 10%]
........................................................................ [ 13%]
........................................................................ [ 15%]
........................................................................ [ 18%]
........................................................................ [ 21%]
........................................................................ [ 23%]
........................................................................ [ 26%]
........................................................................ [ 29%]
........................................................................ [ 31%]
........................................................................ [ 34%]
........................................................................ [ 37%]
........................................................................ [ 39%]
........................................................................ [ 42%]
........................................................................ [ 45%]
........................................................................ [ 47%]
........................................................................ [ 50%]
........................................................................ [ 53%]
........................................................................ [ 55%]
........................................................................ [ 58%]
........................................................................ [ 60%]
........................................................................ [ 63%]
..........s............................................................. [ 66%]
........................................................................ [ 68%]
........................................................................ [ 71%]
........................................................................ [ 74%]
........................................................................ [ 76%]
........................................................................ [ 79%]
........................................................................ [ 82%]
........................................................................ [ 84%]
........................................................................ [ 87%]
........................................................................ [ 90%]
........................................................................ [ 92%]
........................................................................ [ 95%]
........................................................................ [ 98%]
....................................................                     [100%]
================================== FAILURES ===================================
C:\Users\ulas.htelli\AppData\Local\Programs\Python\Python313\Lib\site-packages\hypothesis\core.py:962: hypothesis.errors.Flaky: Hypothesis test_insert_creates_exactly_one_history_with_correct_action(self=<backend.tests.test_audit_history_properties.TestProperty1UpsertHistoryCorrectness object at 0x000002083C933390>, normalized=NormalizedMarketPriceInput(period='2024-01', value=Decimal('637.62'), status='final', price_type='PTF', source_note=None, change_reason=None), updated_by='admin', source='migration') produces unreliable results: Falsified on the first call but did not on a subsequent one
=========================== short test summary info ===========================
FAILED tests/test_audit_history_properties.py::TestProperty1UpsertHistoryCorrectness::test_insert_creates_exactly_one_history_with_correct_action
1 failed, 2714 passed, 1 skipped in 439.17s (0:07:19)
