python : C:\Users\ulas.hte
lli\Desktop\Gelka Enerji h
esaplama tablosu\backend\a
pp\testing\perf_budget.py:
23: PytestCollectionWarnin
g: cannot collect test cla
ss 'TestTier' because it h
as a __init__ constructor 
(from: tests/test_gate_tel
emetry_integration.py)
At line:1 char:1
+ python -m pytest tests/ 
-q --tb=line -p no:warning
s 2>&1 | Out-File - ...
+ ~~~~~~~~~~~~~~~~~~~~~~~~
~~~~~~~~~~~~~~~~~~~~~~~~~~
~~~~~~
    + CategoryInfo        
      : NotSpecified: (C  
  :\Users\ulas.h...inte   
 gration.py):String) [    
], RemoteException
    + FullyQualifiedError 
   Id : NativeCommandErr  
  or
 
  class TestTier(str, Enum
):
C:\Users\ulas.htelli\Deskt
op\Gelka Enerji hesaplama 
tablosu\backend\app\testin
g\perf_budget.py:23: Pytes
tCollectionWarning: cannot
 collect test class 'TestT
ier' because it has a __in
it__ constructor (from: te
sts/test_lc_perf_budget.py
)
  class TestTier(str, Enum
):
C:\Users\ulas.htelli\Deskt
op\Gelka Enerji hesaplama 
tablosu\backend\app\testin
g\perf_budget.py:103: Pyte
stCollectionWarning: canno
t collect test class 'Test
Timing' because it has a _
_init__ constructor (from:
 tests/test_lc_perf_budget
.py)
  @dataclass
C:\Users\ulas.htelli\Deskt
op\Gelka Enerji hesaplama 
tablosu\backend\app\testin
g\perf_budget.py:23: Pytes
tCollectionWarning: cannot
 collect test class 'TestT
ier' because it has a __in
it__ constructor (from: te
sts/test_lc_tier_runner.py
)
  class TestTier(str, Enum
):
C:\Users\ulas.htelli\Deskt
op\Gelka Enerji hesaplama 
tablosu\backend\app\testin
g\perf_budget.py:23: Pytes
tCollectionWarning: cannot
 collect test class 'TestT
ier' because it has a __in
it__ constructor (from: te
sts/test_release_e2e.py)
  class TestTier(str, Enum
):
C:\Users\ulas.htelli\Deskt
op\Gelka Enerji hesaplama 
tablosu\backend\app\testin
g\perf_budget.py:103: Pyte
stCollectionWarning: canno
t collect test class 'Test
Timing' because it has a _
_init__ constructor (from:
 tests/test_release_e2e.py
)
  @dataclass
C:\Users\ulas.htelli\Deskt
op\Gelka Enerji hesaplama 
tablosu\backend\app\testin
g\perf_budget.py:23: Pytes
tCollectionWarning: cannot
 collect test class 'TestT
ier' because it has a __in
it__ constructor (from: te
sts/test_release_gate.py)
  class TestTier(str, Enum
):
C:\Users\ulas.htelli\Deskt
op\Gelka Enerji hesaplama 
tablosu\backend\app\testin
g\perf_budget.py:23: Pytes
tCollectionWarning: cannot
 collect test class 'TestT
ier' because it has a __in
it__ constructor (from: te
sts/test_release_policy.py
)
  class TestTier(str, Enum
):
C:\Users\ulas.htelli\Deskt
op\Gelka Enerji hesaplama 
tablosu\backend\app\testin
g\perf_budget.py:103: Pyte
stCollectionWarning: canno
t collect test class 'Test
Timing' because it has a _
_init__ constructor (from:
 tests/test_release_policy
.py)
  @dataclass
C:\Users\ulas.htelli\Deskt
op\Gelka Enerji hesaplama 
tablosu\backend\app\testin
g\perf_budget.py:23: Pytes
tCollectionWarning: cannot
 collect test class 'TestT
ier' because it has a __in
it__ constructor (from: te
sts/test_release_preflight
_enforcement.py)
  class TestTier(str, Enum
):
C:\Users\ulas.htelli\Deskt
op\Gelka Enerji hesaplama 
tablosu\backend\app\testin
g\perf_budget.py:23: Pytes
tCollectionWarning: cannot
 collect test class 'TestT
ier' because it has a __in
it__ constructor (from: te
sts/test_release_report.py
)
  class TestTier(str, Enum
):
C:\Users\ulas.htelli\Deskt
op\Gelka Enerji hesaplama 
tablosu\backend\app\testin
g\perf_budget.py:103: Pyte
stCollectionWarning: canno
t collect test class 'Test
Timing' because it has a _
_init__ constructor (from:
 tests/test_release_report
.py)
  @dataclass
........................................................................ [  2%]
........................................................................ [  5%]
........................................................................ [  7%]
........................................................................ [ 10%]
........................................................................ [ 13%]
........................................................................ [ 15%]
........................................................................ [ 18%]
........................................................................ [ 21%]
........................................................................ [ 23%]
........................................................................ [ 26%]
........................................................................ [ 29%]
........................................................................ [ 31%]
........................................................................ [ 34%]
........................................................................ [ 37%]
........................................................................ [ 39%]
........................................................................ [ 42%]
...........................F............................................ [ 45%]
........................................................................ [ 47%]
........................................................................ [ 50%]
........................................................................ [ 53%]
.............F..F..........................F............................ [ 55%]
........................................................................ [ 58%]
........................................................................ [ 60%]
........................................................................ [ 63%]
..........s............................................................. [ 66%]
........................................................................ [ 68%]
........................................................................ [ 71%]
........................................................................ [ 74%]
........................................................................ [ 76%]
........................................................................ [ 79%]
........................................................................ [ 82%]
........................................................................ [ 84%]
........................................................................ [ 87%]
........................................................................ [ 90%]
........................................................................ [ 92%]
........................................................................ [ 95%]
........................................................................ [ 98%]
....................................................                     [100%]
================================== FAILURES ===================================
C:\Users\ulas.htelli\Desktop\Gelka Enerji hesaplama tablosu\backend\tests\test_lc_ops_contract.py:77: AssertionError: Alert 'ReleaseGateContractBreach' has unexpected service label: release-gate
C:\Users\ulas.htelli\Desktop\Gelka Enerji hesaplama tablosu\backend\tests\test_lc_tier_runner.py:60: AssertionError: Tier SMOKE had failures
C:\Users\ulas.htelli\Desktop\Gelka Enerji hesaplama tablosu\backend\tests\test_lc_tier_runner.py:111: AssertionError: Tier smoke had failures:
C:\Users\ulas.htelli\AppData\Local\Programs\Python\Python313\Lib\site-packages\hypothesis\core.py:962: hypothesis.errors.Flaky: Hypothesis test_provisional_record_is_provisional_used(self=<backend.tests.test_market_price_admin_service_properties.TestProperty8CalculationLookupPriority object at 0x00000201EC67AC10>, value=Decimal('7230.94')) produces unreliable results: Falsified on the first call but did not on a subsequent one
=========================== short test summary info ===========================
FAILED tests/test_lc_ops_contract.py::TestLabelNamespaceInvariants::test_pbt_service_label_is_ptf_admin
FAILED tests/test_lc_tier_runner.py::TestTierSmoke::test_smoke_within_budget
FAILED tests/test_lc_tier_runner.py::TestZeroFlaky::test_all_tiers_pass - Ass...
FAILED tests/test_market_price_admin_service_properties.py::TestProperty8CalculationLookupPriority::test_provisional_record_is_provisional_used
4 failed, 2711 passed, 1 skipped in 468.93s (0:07:48)
